iSQL> SELECT
    O_ORDERPRIORITY,
    COUNT(*) AS ORDER_COUNT
FROM
    ORDERS
WHERE
    O_ORDERDATE >= DATE'1993-07-01'
    AND O_ORDERDATE < ADD_MONTHS('1993-07-01', 3)
    AND EXISTS ( SELECT *
		         FROM LINEITEM
    	         WHERE L_ORDERKEY = O_ORDERKEY
	               AND L_COMMITDATE < L_RECEIPTDATE )
GROUP BY O_ORDERPRIORITY
ORDER BY O_ORDERPRIORITY;
O_ORDERPRIORITY  ORDER_COUNT          
-----------------------------------------
1-URGENT         10594                
2-HIGH           10476                
3-MEDIUM         10410                
4-NOT SPECIFIED  10556                
5-LOW            10487                
5 rows selected.
