iSQL> SELECT 
    N_NAME,
    SUM(L_EXTENDEDPRICE * (1 - L_DISCOUNT)) AS REVENUE
FROM
    CUSTOMER,
    ORDERS,
    LINEITEM,
    SUPPLIER,
    NATION,
    REGION
WHERE
    C_CUSTKEY = O_CUSTKEY
    AND L_ORDERKEY = O_ORDERKEY
    AND L_SUPPKEY = S_SUPPKEY
    AND C_NATIONKEY = S_NATIONKEY
    AND S_NATIONKEY = N_NATIONKEY
    AND N_REGIONKEY = R_REGIONKEY
    AND R_NAME = 'ASIA'
    AND O_ORDERDATE >= DATE'1994-01-01'
    AND O_ORDERDATE < ADD_MONTHS( DATE'1994-01-01', 12)
GROUP BY
    N_NAME
ORDER BY
    REVENUE DESC;
N_NAME                     REVENUE                
-----------------------------------------------------
INDONESIA                  55502041.1696999       
VIETNAM                    55295086.9967          
CHINA                      53724494.2566          
INDIA                      52035512.0002          
JAPAN                      45410175.6954          
5 rows selected.
