iSQL> SELECT 
       O_YEAR,
       SUM( CASE2 (NATION = 'BRAZIL', VOLUME, 0) ) 
       / SUM(VOLUME) AS MKT_SHARE
FROM ( SELECT EXTRACT(O_ORDERDATE, 'YEAR') AS O_YEAR,
              L_EXTENDEDPRICE * (1 - L_DISCOUNT) AS VOLUME,
              N2.N_NAME AS NATION
        FROM PART,
             SUPPLIER,
             LINEITEM,
             ORDERS,
             CUSTOMER,
             NATION N1,
             NATION N2,
             REGION
       WHERE P_PARTKEY = L_PARTKEY
         AND S_SUPPKEY = L_SUPPKEY
         AND L_ORDERKEY = O_ORDERKEY
         AND O_CUSTKEY = C_CUSTKEY
         AND C_NATIONKEY = N1.N_NATIONKEY
         AND N1.N_REGIONKEY = R_REGIONKEY
         AND R_NAME = 'AMERICA'
         AND S_NATIONKEY = N2.N_NATIONKEY
         AND O_ORDERDATE BETWEEN DATE'1995-01-01' 
                         AND DATE'1996-12-31'
         AND P_TYPE = 'ECONOMY ANODIZED STEEL'
     ) ALL_NATIONS
GROUP BY O_YEAR
ORDER BY O_YEAR;
O_YEAR      MKT_SHARE              
--------------------------------------
1995        0.0344358904066548     
1996        0.0414855212935303     
2 rows selected.
