* ALTIBASE LOGFILE-0 (7.1.0.1.0) : X86_64_LINUX_redhat_Enterprise_release6.0-64bit-7.1.0.1.0-release-GCC4.6.3 (x86_64-unknown-linux-gnu) Jan 23 2018 16:45:28
[2019/10/16 10:57:31 43][PID:15621][Thread-140044449989440][LWP-15611]
[DK] Pre Process phase

[2019/10/16 10:57:32 63][PID:15621][Thread-140044327307008][LWP-15630]
[DK] Process phase

[2019/10/16 10:57:35 46F][PID:15621][Thread-140044327307008][LWP-15630]
[DK] Control phase

[2019/10/16 10:57:38 91B][PID:15621][Thread-140044327307008][LWP-15630]
[DK] Meta phase

[2019/10/16 10:57:38 930][PID:15621][Thread-140044327307008][LWP-15630]
[DK] Service phase

[2019/10/16 11:04:11 43][PID:16374][Thread-140029839639360][LWP-16354]
[DK] Pre Process phase

[2019/10/16 11:04:12 62][PID:16374][Thread-140029716956928][LWP-16449]
[DK] Process phase

[2019/10/16 11:04:12 7F][PID:16374][Thread-140029716956928][LWP-16449]
[DK] Control phase

[2019/10/16 11:04:16 578][PID:16374][Thread-140029716956928][LWP-16449]
[DK] Meta phase

[2019/10/16 11:10:50 43][PID:17156][Thread-140370621666112][LWP-17129]
[DK] Pre Process phase

[2019/10/16 11:10:50 62][PID:17156][Thread-140370498983680][LWP-17200]
[DK] Process phase

[2019/10/16 11:10:50 7F][PID:17156][Thread-140370498983680][LWP-17200]
[DK] Control phase

[2019/10/16 11:10:54 578][PID:17156][Thread-140370498983680][LWP-17200]
[DK] Meta phase

[2019/10/16 11:10:54 58D][PID:17156][Thread-140370498983680][LWP-17200]
[DK] Service phase

[2019/10/16 11:12:34 5F6][PID:17156][Thread-140370621666112][LWP-17129]
[DK] Shutdown phase

[2019/10/16 11:12:40 43][PID:17802][Thread-139937087787840][LWP-17794]
[DK] Pre Process phase

[2019/10/16 11:12:41 63][PID:17802][Thread-139936965105408][LWP-17808]
[DK] Process phase

[2019/10/16 11:12:41 80][PID:17802][Thread-139936965105408][LWP-17808]
[DK] Control phase

[2019/10/16 11:12:44 56C][PID:17802][Thread-139936965105408][LWP-17808]
[DK] Meta phase

[2019/10/16 11:12:44 581][PID:17802][Thread-139936965105408][LWP-17808]
[DK] Service phase

[2019/10/16 11:14:17 43][PID:18015][Thread-140400863863616][LWP-18007]
[DK] Pre Process phase

[2019/10/16 11:14:18 62][PID:18015][Thread-140400741181184][LWP-18017]
[DK] Process phase

[2019/10/16 11:14:18 7F][PID:18015][Thread-140400741181184][LWP-18017]
[DK] Control phase

[2019/10/16 11:14:22 578][PID:18015][Thread-140400741181184][LWP-18017]
[DK] Meta phase

[2019/10/16 11:14:22 58D][PID:18015][Thread-140400741181184][LWP-18017]
[DK] Service phase

[2019/10/16 11:15:23 43][PID:18151][Thread-140304044811072][LWP-18143]
[DK] Pre Process phase

[2019/10/16 11:15:24 62][PID:18151][Thread-140303922149120][LWP-18153]
[DK] Process phase

[2019/10/16 11:15:24 7F][PID:18151][Thread-140303922149120][LWP-18153]
[DK] Control phase

[2019/10/16 11:15:27 578][PID:18151][Thread-140303922149120][LWP-18153]
[DK] Meta phase

[2019/10/16 11:15:27 58D][PID:18151][Thread-140303922149120][LWP-18153]
[DK] Service phase

[2019/10/16 11:22:59 5F6][PID:18151][Thread-140304044811072][LWP-18143]
[DK] Shutdown phase

[2019/10/16 11:23:13 43][PID:19298][Thread-139810437677888][LWP-19290]
[DK] Pre Process phase

[2019/10/16 11:23:14 63][PID:19298][Thread-139810314995456][LWP-19306]
[DK] Process phase

[2019/10/16 11:23:14 80][PID:19298][Thread-139810314995456][LWP-19306]
[DK] Control phase

[2019/10/16 11:23:18 56C][PID:19298][Thread-139810314995456][LWP-19306]
[DK] Meta phase

[2019/10/16 11:23:18 581][PID:19298][Thread-139810314995456][LWP-19306]
[DK] Service phase

[2019/10/16 13:28:53 613][PID:19298][Thread-139810437677888][LWP-19290]
[DK] Shutdown phase

[2019/10/16 13:29:04 43][PID:4397][Thread-140288044684096][LWP-4389]
[DK] Pre Process phase

[2019/10/16 13:29:05 63][PID:4397][Thread-140287922001664][LWP-4451]
[DK] Process phase

[2019/10/16 13:29:05 80][PID:4397][Thread-140287922001664][LWP-4451]
[DK] Control phase

[2019/10/16 13:29:09 56C][PID:4397][Thread-140287922001664][LWP-4451]
[DK] Meta phase

[2019/10/16 13:29:09 581][PID:4397][Thread-140287922001664][LWP-4451]
[DK] Service phase

[2019/10/16 13:32:49 5EA][PID:4397][Thread-140288044684096][LWP-4389]
[DK] Shutdown phase

[2019/10/16 13:33:04 43][PID:5229][Thread-140537221399360][LWP-5221]
[DK] Pre Process phase

[2019/10/16 13:33:04 63][PID:5229][Thread-140537098716928][LWP-5309]
[DK] Process phase

[2019/10/16 13:33:05 80][PID:5229][Thread-140537098716928][LWP-5309]
[DK] Control phase

[2019/10/16 13:33:08 56C][PID:5229][Thread-140537098716928][LWP-5309]
[DK] Meta phase

[2019/10/16 13:33:08 581][PID:5229][Thread-140537098716928][LWP-5309]
[DK] Service phase

[2019/10/16 13:34:18 5EA][PID:5229][Thread-140537221399360][LWP-5221]
[DK] Shutdown phase

[2019/10/16 13:34:33 43][PID:5736][Thread-140472439378752][LWP-5728]
[DK] Pre Process phase

[2019/10/16 13:34:34 63][PID:5736][Thread-140472316696320][LWP-5810]
[DK] Process phase

[2019/10/16 13:34:34 80][PID:5736][Thread-140472316696320][LWP-5810]
[DK] Control phase

[2019/10/16 13:34:37 56C][PID:5736][Thread-140472316696320][LWP-5810]
[DK] Meta phase

[2019/10/16 13:34:37 581][PID:5736][Thread-140472316696320][LWP-5810]
[DK] Service phase

[2019/10/16 14:17:59 7CC][PID:5736][Thread-140472439378752][LWP-5728]
[DK] Shutdown phase

[2019/10/16 14:18:12 43][PID:10304][Thread-140234267427648][LWP-10296]
[DK] Pre Process phase

[2019/10/16 14:18:13 63][PID:10304][Thread-140234144745216][LWP-10407]
[DK] Process phase

[2019/10/16 14:18:13 80][PID:10304][Thread-140234144745216][LWP-10407]
[DK] Control phase

[2019/10/16 14:18:17 577][PID:10304][Thread-140234144745216][LWP-10407]
[DK] Meta phase

[2019/10/16 14:18:17 58C][PID:10304][Thread-140234144745216][LWP-10407]
[DK] Service phase

[2019/10/22 16:43:53 43][PID:19142][Thread-140081022374720][LWP-19134]
[DK] Pre Process phase

[2019/10/22 16:43:54 63][PID:19142][Thread-140080899692288][LWP-19144]
[DK] Process phase

[2019/10/22 16:43:54 80][PID:19142][Thread-140080899692288][LWP-19144]
[DK] Control phase

[2019/10/22 16:43:58 58A][PID:19142][Thread-140080899692288][LWP-19144]
[DK] Meta phase

[2019/10/22 16:43:58 59F][PID:19142][Thread-140080899692288][LWP-19144]
[DK] Service phase

[2019/10/22 16:44:15 60C][PID:19142][Thread-140081022374720][LWP-19134]
[DK] Shutdown phase

