* ALTIBASE LOGFILE-0 (7.1.0.1.0) : X86_64_LINUX_redhat_Enterprise_release6.0-64bit-7.1.0.1.0-release-GCC4.6.3 (x86_64-unknown-linux-gnu) Jan 23 2018 16:45:28
[2019/10/16 11:12:38 67E][PID:17156][Thread-140370621666112][LWP-17129]
List of Latches to Be Released
 No latch remained.

[2019/10/16 11:12:38 67F][PID:17156][Thread-140370621666112][LWP-17129]
List of Mutexes to Be Released
 1 : IDU_MEMPOOLMGR_MUTEX
 2 : LOB_CURSOR_POOL_MUTEX_0
 3 : LOB_CURSOR_POOL_MUTEX_1
 4 : LOB_CURSOR_POOL_MUTEX_2
 5 : LOB_CURSOR_POOL_MUTEX_3
 6 : LOB_CURSOR_POOL_MUTEX_4
 7 : LOB_CURSOR_POOL_MUTEX_5
 8 : LOB_CURSOR_POOL_MUTEX_6
 9 : LOB_CURSOR_POOL_MUTEX_7
 10 : LOB_CURSOR_POOL_MUTEX_8
 11 : LOB_CURSOR_POOL_MUTEX_9
 12 : LOB_CURSOR_POOL_MUTEX_10
 13 : LOB_CURSOR_POOL_MUTEX_11
 14 : LOB_CURSOR_POOL_MUTEX_12
 15 : LOB_CURSOR_POOL_MUTEX_13
 16 : LOB_CURSOR_POOL_MUTEX_14
 17 : LOB_CURSOR_POOL_MUTEX_15
 18 : LOB_COLUMN_BUFFER_POOL_MUTEX_0
 19 : LOB_COLUMN_BUFFER_POOL_MUTEX_1
 20 : LOB_COLUMN_BUFFER_POOL_MUTEX_2
 21 : LOB_COLUMN_BUFFER_POOL_MUTEX_3
 22 : LOB_COLUMN_BUFFER_POOL_MUTEX_4
 23 : LOB_COLUMN_BUFFER_POOL_MUTEX_5
 24 : LOB_COLUMN_BUFFER_POOL_MUTEX_6
 25 : LOB_COLUMN_BUFFER_POOL_MUTEX_7
 26 : LOB_COLUMN_BUFFER_POOL_MUTEX_8
 27 : LOB_COLUMN_BUFFER_POOL_MUTEX_9
 28 : LOB_COLUMN_BUFFER_POOL_MUTEX_10
 29 : LOB_COLUMN_BUFFER_POOL_MUTEX_11
 30 : LOB_COLUMN_BUFFER_POOL_MUTEX_12
 31 : LOB_COLUMN_BUFFER_POOL_MUTEX_13
 32 : LOB_COLUMN_BUFFER_POOL_MUTEX_14
 33 : LOB_COLUMN_BUFFER_POOL_MUTEX_15
 34 : DKS_SESSION_MANAGER_MUTEX
 35 : BUFFER_FLUSHER_MIN_RECOVERY_LSN_MUTEX_4294967295
 36 : BUFFER_FLUSHER_COND_WAIT_MUTEX_4294967295
 37 : IDU_FILE_IOOPEN_MUTEX
 38 : IDU_FILE_FD_STACK_MUTEX
 39 : QUERY_AUDIT_FILE_MUTEX
 40 : QUERY_AUDIT_HEADER_MUTEX
 41 : QUERY_AUDIT_TAIL_MUTEX
 41 mutex(es) remained

[2019/10/16 11:12:38 680][PID:17156][Thread-140370621666112][LWP-17129]
List of Memory Blocks to Be Released
All memory blocks have been freed!

[2019/10/16 11:23:12 67E][PID:18151][Thread-140304044811072][LWP-18143]
List of Latches to Be Released
 No latch remained.

[2019/10/16 11:23:12 67F][PID:18151][Thread-140304044811072][LWP-18143]
List of Mutexes to Be Released
 1 : IDU_MEMPOOLMGR_MUTEX
 2 : LOB_CURSOR_POOL_MUTEX_0
 3 : LOB_CURSOR_POOL_MUTEX_1
 4 : LOB_CURSOR_POOL_MUTEX_2
 5 : LOB_CURSOR_POOL_MUTEX_3
 6 : LOB_CURSOR_POOL_MUTEX_4
 7 : LOB_CURSOR_POOL_MUTEX_5
 8 : LOB_CURSOR_POOL_MUTEX_6
 9 : LOB_CURSOR_POOL_MUTEX_7
 10 : LOB_CURSOR_POOL_MUTEX_8
 11 : LOB_CURSOR_POOL_MUTEX_9
 12 : LOB_CURSOR_POOL_MUTEX_10
 13 : LOB_CURSOR_POOL_MUTEX_11
 14 : LOB_CURSOR_POOL_MUTEX_12
 15 : LOB_CURSOR_POOL_MUTEX_13
 16 : LOB_CURSOR_POOL_MUTEX_14
 17 : LOB_CURSOR_POOL_MUTEX_15
 18 : LOB_COLUMN_BUFFER_POOL_MUTEX_0
 19 : LOB_COLUMN_BUFFER_POOL_MUTEX_1
 20 : LOB_COLUMN_BUFFER_POOL_MUTEX_2
 21 : LOB_COLUMN_BUFFER_POOL_MUTEX_3
 22 : LOB_COLUMN_BUFFER_POOL_MUTEX_4
 23 : LOB_COLUMN_BUFFER_POOL_MUTEX_5
 24 : LOB_COLUMN_BUFFER_POOL_MUTEX_6
 25 : LOB_COLUMN_BUFFER_POOL_MUTEX_7
 26 : LOB_COLUMN_BUFFER_POOL_MUTEX_8
 27 : LOB_COLUMN_BUFFER_POOL_MUTEX_9
 28 : LOB_COLUMN_BUFFER_POOL_MUTEX_10
 29 : LOB_COLUMN_BUFFER_POOL_MUTEX_11
 30 : LOB_COLUMN_BUFFER_POOL_MUTEX_12
 31 : LOB_COLUMN_BUFFER_POOL_MUTEX_13
 32 : LOB_COLUMN_BUFFER_POOL_MUTEX_14
 33 : LOB_COLUMN_BUFFER_POOL_MUTEX_15
 34 : DKS_SESSION_MANAGER_MUTEX
 35 : BUFFER_FLUSHER_MIN_RECOVERY_LSN_MUTEX_4294967295
 36 : BUFFER_FLUSHER_COND_WAIT_MUTEX_4294967295
 37 : IDU_FILE_IOOPEN_MUTEX
 38 : IDU_FILE_FD_STACK_MUTEX
 39 : QUERY_AUDIT_FILE_MUTEX
 40 : QUERY_AUDIT_HEADER_MUTEX
 41 : QUERY_AUDIT_TAIL_MUTEX
 41 mutex(es) remained

[2019/10/16 11:23:12 680][PID:18151][Thread-140304044811072][LWP-18143]
List of Memory Blocks to Be Released
All memory blocks have been freed!

[2019/10/16 13:29:02 69B][PID:19298][Thread-139810437677888][LWP-19290]
List of Latches to Be Released
 No latch remained.

[2019/10/16 13:29:02 69C][PID:19298][Thread-139810437677888][LWP-19290]
List of Mutexes to Be Released
 1 : IDU_MEMPOOLMGR_MUTEX
 2 : LOB_CURSOR_POOL_MUTEX_0
 3 : LOB_CURSOR_POOL_MUTEX_1
 4 : LOB_CURSOR_POOL_MUTEX_2
 5 : LOB_CURSOR_POOL_MUTEX_3
 6 : LOB_CURSOR_POOL_MUTEX_4
 7 : LOB_CURSOR_POOL_MUTEX_5
 8 : LOB_CURSOR_POOL_MUTEX_6
 9 : LOB_CURSOR_POOL_MUTEX_7
 10 : LOB_CURSOR_POOL_MUTEX_8
 11 : LOB_CURSOR_POOL_MUTEX_9
 12 : LOB_CURSOR_POOL_MUTEX_10
 13 : LOB_CURSOR_POOL_MUTEX_11
 14 : LOB_CURSOR_POOL_MUTEX_12
 15 : LOB_CURSOR_POOL_MUTEX_13
 16 : LOB_CURSOR_POOL_MUTEX_14
 17 : LOB_CURSOR_POOL_MUTEX_15
 18 : LOB_COLUMN_BUFFER_POOL_MUTEX_0
 19 : LOB_COLUMN_BUFFER_POOL_MUTEX_1
 20 : LOB_COLUMN_BUFFER_POOL_MUTEX_2
 21 : LOB_COLUMN_BUFFER_POOL_MUTEX_3
 22 : LOB_COLUMN_BUFFER_POOL_MUTEX_4
 23 : LOB_COLUMN_BUFFER_POOL_MUTEX_5
 24 : LOB_COLUMN_BUFFER_POOL_MUTEX_6
 25 : LOB_COLUMN_BUFFER_POOL_MUTEX_7
 26 : LOB_COLUMN_BUFFER_POOL_MUTEX_8
 27 : LOB_COLUMN_BUFFER_POOL_MUTEX_9
 28 : LOB_COLUMN_BUFFER_POOL_MUTEX_10
 29 : LOB_COLUMN_BUFFER_POOL_MUTEX_11
 30 : LOB_COLUMN_BUFFER_POOL_MUTEX_12
 31 : LOB_COLUMN_BUFFER_POOL_MUTEX_13
 32 : LOB_COLUMN_BUFFER_POOL_MUTEX_14
 33 : LOB_COLUMN_BUFFER_POOL_MUTEX_15
 34 : DKS_SESSION_MANAGER_MUTEX
 35 : BUFFER_FLUSHER_MIN_RECOVERY_LSN_MUTEX_4294967295
 36 : BUFFER_FLUSHER_COND_WAIT_MUTEX_4294967295
 37 : IDU_FILE_IOOPEN_MUTEX
 38 : IDU_FILE_FD_STACK_MUTEX
 39 : QUERY_AUDIT_FILE_MUTEX
 40 : QUERY_AUDIT_HEADER_MUTEX
 41 : QUERY_AUDIT_TAIL_MUTEX
 41 mutex(es) remained

[2019/10/16 13:29:03 69D][PID:19298][Thread-139810437677888][LWP-19290]
List of Memory Blocks to Be Released
All memory blocks have been freed!

[2019/10/16 13:33:02 672][PID:4397][Thread-140288044684096][LWP-4389]
List of Latches to Be Released
 No latch remained.

[2019/10/16 13:33:02 673][PID:4397][Thread-140288044684096][LWP-4389]
List of Mutexes to Be Released
 1 : IDU_MEMPOOLMGR_MUTEX
 2 : LOB_CURSOR_POOL_MUTEX_0
 3 : LOB_CURSOR_POOL_MUTEX_1
 4 : LOB_CURSOR_POOL_MUTEX_2
 5 : LOB_CURSOR_POOL_MUTEX_3
 6 : LOB_CURSOR_POOL_MUTEX_4
 7 : LOB_CURSOR_POOL_MUTEX_5
 8 : LOB_CURSOR_POOL_MUTEX_6
 9 : LOB_CURSOR_POOL_MUTEX_7
 10 : LOB_CURSOR_POOL_MUTEX_8
 11 : LOB_CURSOR_POOL_MUTEX_9
 12 : LOB_CURSOR_POOL_MUTEX_10
 13 : LOB_CURSOR_POOL_MUTEX_11
 14 : LOB_CURSOR_POOL_MUTEX_12
 15 : LOB_CURSOR_POOL_MUTEX_13
 16 : LOB_CURSOR_POOL_MUTEX_14
 17 : LOB_CURSOR_POOL_MUTEX_15
 18 : LOB_COLUMN_BUFFER_POOL_MUTEX_0
 19 : LOB_COLUMN_BUFFER_POOL_MUTEX_1
 20 : LOB_COLUMN_BUFFER_POOL_MUTEX_2
 21 : LOB_COLUMN_BUFFER_POOL_MUTEX_3
 22 : LOB_COLUMN_BUFFER_POOL_MUTEX_4
 23 : LOB_COLUMN_BUFFER_POOL_MUTEX_5
 24 : LOB_COLUMN_BUFFER_POOL_MUTEX_6
 25 : LOB_COLUMN_BUFFER_POOL_MUTEX_7
 26 : LOB_COLUMN_BUFFER_POOL_MUTEX_8
 27 : LOB_COLUMN_BUFFER_POOL_MUTEX_9
 28 : LOB_COLUMN_BUFFER_POOL_MUTEX_10
 29 : LOB_COLUMN_BUFFER_POOL_MUTEX_11
 30 : LOB_COLUMN_BUFFER_POOL_MUTEX_12
 31 : LOB_COLUMN_BUFFER_POOL_MUTEX_13
 32 : LOB_COLUMN_BUFFER_POOL_MUTEX_14
 33 : LOB_COLUMN_BUFFER_POOL_MUTEX_15
 34 : DKS_SESSION_MANAGER_MUTEX
 35 : BUFFER_FLUSHER_MIN_RECOVERY_LSN_MUTEX_4294967295
 36 : BUFFER_FLUSHER_COND_WAIT_MUTEX_4294967295
 37 : IDU_FILE_IOOPEN_MUTEX
 38 : IDU_FILE_FD_STACK_MUTEX
 39 : QUERY_AUDIT_FILE_MUTEX
 40 : QUERY_AUDIT_HEADER_MUTEX
 41 : QUERY_AUDIT_TAIL_MUTEX
 41 mutex(es) remained

[2019/10/16 13:33:02 674][PID:4397][Thread-140288044684096][LWP-4389]
List of Memory Blocks to Be Released
All memory blocks have been freed!

[2019/10/16 13:34:31 672][PID:5229][Thread-140537221399360][LWP-5221]
List of Latches to Be Released
 No latch remained.

[2019/10/16 13:34:31 673][PID:5229][Thread-140537221399360][LWP-5221]
List of Mutexes to Be Released
 1 : IDU_MEMPOOLMGR_MUTEX
 2 : LOB_CURSOR_POOL_MUTEX_0
 3 : LOB_CURSOR_POOL_MUTEX_1
 4 : LOB_CURSOR_POOL_MUTEX_2
 5 : LOB_CURSOR_POOL_MUTEX_3
 6 : LOB_CURSOR_POOL_MUTEX_4
 7 : LOB_CURSOR_POOL_MUTEX_5
 8 : LOB_CURSOR_POOL_MUTEX_6
 9 : LOB_CURSOR_POOL_MUTEX_7
 10 : LOB_CURSOR_POOL_MUTEX_8
 11 : LOB_CURSOR_POOL_MUTEX_9
 12 : LOB_CURSOR_POOL_MUTEX_10
 13 : LOB_CURSOR_POOL_MUTEX_11
 14 : LOB_CURSOR_POOL_MUTEX_12
 15 : LOB_CURSOR_POOL_MUTEX_13
 16 : LOB_CURSOR_POOL_MUTEX_14
 17 : LOB_CURSOR_POOL_MUTEX_15
 18 : LOB_COLUMN_BUFFER_POOL_MUTEX_0
 19 : LOB_COLUMN_BUFFER_POOL_MUTEX_1
 20 : LOB_COLUMN_BUFFER_POOL_MUTEX_2
 21 : LOB_COLUMN_BUFFER_POOL_MUTEX_3
 22 : LOB_COLUMN_BUFFER_POOL_MUTEX_4
 23 : LOB_COLUMN_BUFFER_POOL_MUTEX_5
 24 : LOB_COLUMN_BUFFER_POOL_MUTEX_6
 25 : LOB_COLUMN_BUFFER_POOL_MUTEX_7
 26 : LOB_COLUMN_BUFFER_POOL_MUTEX_8
 27 : LOB_COLUMN_BUFFER_POOL_MUTEX_9
 28 : LOB_COLUMN_BUFFER_POOL_MUTEX_10
 29 : LOB_COLUMN_BUFFER_POOL_MUTEX_11
 30 : LOB_COLUMN_BUFFER_POOL_MUTEX_12
 31 : LOB_COLUMN_BUFFER_POOL_MUTEX_13
 32 : LOB_COLUMN_BUFFER_POOL_MUTEX_14
 33 : LOB_COLUMN_BUFFER_POOL_MUTEX_15
 34 : DKS_SESSION_MANAGER_MUTEX
 35 : BUFFER_FLUSHER_MIN_RECOVERY_LSN_MUTEX_4294967295
 36 : BUFFER_FLUSHER_COND_WAIT_MUTEX_4294967295
 37 : IDU_FILE_IOOPEN_MUTEX
 38 : IDU_FILE_FD_STACK_MUTEX
 39 : QUERY_AUDIT_FILE_MUTEX
 40 : QUERY_AUDIT_HEADER_MUTEX
 41 : QUERY_AUDIT_TAIL_MUTEX
 41 mutex(es) remained

[2019/10/16 13:34:31 674][PID:5229][Thread-140537221399360][LWP-5221]
List of Memory Blocks to Be Released
All memory blocks have been freed!

[2019/10/16 14:18:11 854][PID:5736][Thread-140472439378752][LWP-5728]
List of Latches to Be Released
 No latch remained.

[2019/10/16 14:18:11 855][PID:5736][Thread-140472439378752][LWP-5728]
List of Mutexes to Be Released
 1 : IDU_MEMPOOLMGR_MUTEX
 2 : LOB_CURSOR_POOL_MUTEX_0
 3 : LOB_CURSOR_POOL_MUTEX_1
 4 : LOB_CURSOR_POOL_MUTEX_2
 5 : LOB_CURSOR_POOL_MUTEX_3
 6 : LOB_CURSOR_POOL_MUTEX_4
 7 : LOB_CURSOR_POOL_MUTEX_5
 8 : LOB_CURSOR_POOL_MUTEX_6
 9 : LOB_CURSOR_POOL_MUTEX_7
 10 : LOB_CURSOR_POOL_MUTEX_8
 11 : LOB_CURSOR_POOL_MUTEX_9
 12 : LOB_CURSOR_POOL_MUTEX_10
 13 : LOB_CURSOR_POOL_MUTEX_11
 14 : LOB_CURSOR_POOL_MUTEX_12
 15 : LOB_CURSOR_POOL_MUTEX_13
 16 : LOB_CURSOR_POOL_MUTEX_14
 17 : LOB_CURSOR_POOL_MUTEX_15
 18 : LOB_COLUMN_BUFFER_POOL_MUTEX_0
 19 : LOB_COLUMN_BUFFER_POOL_MUTEX_1
 20 : LOB_COLUMN_BUFFER_POOL_MUTEX_2
 21 : LOB_COLUMN_BUFFER_POOL_MUTEX_3
 22 : LOB_COLUMN_BUFFER_POOL_MUTEX_4
 23 : LOB_COLUMN_BUFFER_POOL_MUTEX_5
 24 : LOB_COLUMN_BUFFER_POOL_MUTEX_6
 25 : LOB_COLUMN_BUFFER_POOL_MUTEX_7
 26 : LOB_COLUMN_BUFFER_POOL_MUTEX_8
 27 : LOB_COLUMN_BUFFER_POOL_MUTEX_9
 28 : LOB_COLUMN_BUFFER_POOL_MUTEX_10
 29 : LOB_COLUMN_BUFFER_POOL_MUTEX_11
 30 : LOB_COLUMN_BUFFER_POOL_MUTEX_12
 31 : LOB_COLUMN_BUFFER_POOL_MUTEX_13
 32 : LOB_COLUMN_BUFFER_POOL_MUTEX_14
 33 : LOB_COLUMN_BUFFER_POOL_MUTEX_15
 34 : DKS_SESSION_MANAGER_MUTEX
 35 : BUFFER_FLUSHER_MIN_RECOVERY_LSN_MUTEX_4294967295
 36 : BUFFER_FLUSHER_COND_WAIT_MUTEX_4294967295
 37 : IDU_FILE_IOOPEN_MUTEX
 38 : IDU_FILE_FD_STACK_MUTEX
 39 : QUERY_AUDIT_FILE_MUTEX
 40 : QUERY_AUDIT_HEADER_MUTEX
 41 : QUERY_AUDIT_TAIL_MUTEX
 42 : SMNB_MUTEX_NODE_140471630362592
 42 mutex(es) remained

[2019/10/16 14:18:11 856][PID:5736][Thread-140472439378752][LWP-5728]
List of Memory Blocks to Be Released
All memory blocks have been freed!

[2019/10/22 16:44:21 694][PID:19142][Thread-140081022374720][LWP-19134]
List of Latches to Be Released
 No latch remained.

[2019/10/22 16:44:21 695][PID:19142][Thread-140081022374720][LWP-19134]
List of Mutexes to Be Released
 1 : IDU_MEMPOOLMGR_MUTEX
 2 : LOB_CURSOR_POOL_MUTEX_0
 3 : LOB_CURSOR_POOL_MUTEX_1
 4 : LOB_CURSOR_POOL_MUTEX_2
 5 : LOB_CURSOR_POOL_MUTEX_3
 6 : LOB_CURSOR_POOL_MUTEX_4
 7 : LOB_CURSOR_POOL_MUTEX_5
 8 : LOB_CURSOR_POOL_MUTEX_6
 9 : LOB_CURSOR_POOL_MUTEX_7
 10 : LOB_CURSOR_POOL_MUTEX_8
 11 : LOB_CURSOR_POOL_MUTEX_9
 12 : LOB_CURSOR_POOL_MUTEX_10
 13 : LOB_CURSOR_POOL_MUTEX_11
 14 : LOB_CURSOR_POOL_MUTEX_12
 15 : LOB_CURSOR_POOL_MUTEX_13
 16 : LOB_CURSOR_POOL_MUTEX_14
 17 : LOB_CURSOR_POOL_MUTEX_15
 18 : LOB_COLUMN_BUFFER_POOL_MUTEX_0
 19 : LOB_COLUMN_BUFFER_POOL_MUTEX_1
 20 : LOB_COLUMN_BUFFER_POOL_MUTEX_2
 21 : LOB_COLUMN_BUFFER_POOL_MUTEX_3
 22 : LOB_COLUMN_BUFFER_POOL_MUTEX_4
 23 : LOB_COLUMN_BUFFER_POOL_MUTEX_5
 24 : LOB_COLUMN_BUFFER_POOL_MUTEX_6
 25 : LOB_COLUMN_BUFFER_POOL_MUTEX_7
 26 : LOB_COLUMN_BUFFER_POOL_MUTEX_8
 27 : LOB_COLUMN_BUFFER_POOL_MUTEX_9
 28 : LOB_COLUMN_BUFFER_POOL_MUTEX_10
 29 : LOB_COLUMN_BUFFER_POOL_MUTEX_11
 30 : LOB_COLUMN_BUFFER_POOL_MUTEX_12
 31 : LOB_COLUMN_BUFFER_POOL_MUTEX_13
 32 : LOB_COLUMN_BUFFER_POOL_MUTEX_14
 33 : LOB_COLUMN_BUFFER_POOL_MUTEX_15
 34 : DKS_SESSION_MANAGER_MUTEX
 35 : BUFFER_FLUSHER_MIN_RECOVERY_LSN_MUTEX_4294967295
 36 : BUFFER_FLUSHER_COND_WAIT_MUTEX_4294967295
 37 : IDU_FILE_IOOPEN_MUTEX
 38 : IDU_FILE_FD_STACK_MUTEX
 39 : QUERY_AUDIT_FILE_MUTEX
 40 : QUERY_AUDIT_HEADER_MUTEX
 41 : QUERY_AUDIT_TAIL_MUTEX
 41 mutex(es) remained

[2019/10/22 16:44:21 696][PID:19142][Thread-140081022374720][LWP-19134]
List of Memory Blocks to Be Released
All memory blocks have been freed!

