* ALTIBASE LOGFILE-0 (7.1.0.1.0) : X86_64_LINUX_redhat_Enterprise_release6.0-64bit-7.1.0.1.0-release-GCC4.6.3 (x86_64-unknown-linux-gnu) Jan 23 2018 16:45:28
[2019/10/16 10:57:31 4E][PID:15621][Thread-140044327307008][LWP-15630] Started NewServiceThread(1)
[2019/10/16 10:57:31 4F][PID:15621][Thread-140044315178752][LWP-15631] Started NewServiceThread(2)
[2019/10/16 10:57:31 50][PID:15621][Thread-140044303050496][LWP-15632] Started NewServiceThread(3)
[2019/10/16 10:57:31 51][PID:15621][Thread-140044290922240][LWP-15633] Started NewServiceThread(4)
[2019/10/16 10:57:31 52][PID:15621][Thread-140044278793984][LWP-15634] Started NewServiceThread(5)
[2019/10/16 10:57:31 53][PID:15621][Thread-140044266665728][LWP-15635] Started NewServiceThread(6)
[2019/10/16 10:57:31 54][PID:15621][Thread-140043918243584][LWP-15636] Started NewServiceThread(7)
[2019/10/16 10:57:31 55][PID:15621][Thread-140043906115328][LWP-15637] Started NewServiceThread(8)
[2019/10/16 10:57:31 56][PID:15621][Thread-140043893987072][LWP-15638] Started NewServiceThread(9)
[2019/10/16 11:04:11 4E][PID:16374][Thread-140029716956928][LWP-16449] Started NewServiceThread(1)
[2019/10/16 11:04:11 4F][PID:16374][Thread-140029704828672][LWP-16451] Started NewServiceThread(2)
[2019/10/16 11:04:11 50][PID:16374][Thread-140029624055552][LWP-16454] Started NewServiceThread(3)
[2019/10/16 11:04:11 51][PID:16374][Thread-140029611927296][LWP-16457] Started NewServiceThread(4)
[2019/10/16 11:04:11 52][PID:16374][Thread-140029599799040][LWP-16459] Started NewServiceThread(5)
[2019/10/16 11:04:11 53][PID:16374][Thread-140029587670784][LWP-16461] Started NewServiceThread(6)
[2019/10/16 11:04:11 54][PID:16374][Thread-140029575542528][LWP-16463] Started NewServiceThread(7)
[2019/10/16 11:04:11 55][PID:16374][Thread-140029154293504][LWP-16466] Started NewServiceThread(8)
[2019/10/16 11:04:11 56][PID:16374][Thread-140029143803648][LWP-16467] Started NewServiceThread(9)
[2019/10/16 11:10:50 4E][PID:17156][Thread-140370498983680][LWP-17200] Started NewServiceThread(1)
[2019/10/16 11:10:50 4F][PID:17156][Thread-140370486855424][LWP-17201] Started NewServiceThread(2)
[2019/10/16 11:10:50 50][PID:17156][Thread-140370402866944][LWP-17202] Started NewServiceThread(3)
[2019/10/16 11:10:50 51][PID:17156][Thread-140370392377088][LWP-17203] Started NewServiceThread(4)
[2019/10/16 11:10:50 52][PID:17156][Thread-140370381887232][LWP-17204] Started NewServiceThread(5)
[2019/10/16 11:10:50 53][PID:17156][Thread-140370369758976][LWP-17205] Started NewServiceThread(6)
[2019/10/16 11:10:50 54][PID:17156][Thread-140370357630720][LWP-17206] Started NewServiceThread(7)
[2019/10/16 11:10:50 55][PID:17156][Thread-140369933104896][LWP-17207] Started NewServiceThread(8)
[2019/10/16 11:10:50 56][PID:17156][Thread-140369922615040][LWP-17208] Started NewServiceThread(9)
[2019/10/16 11:12:33 5B5][PID:17156][Thread-140370621666112][LWP-17129] L1 Free ServiceThread(9)
[2019/10/16 11:12:33 5B6][PID:17156][Thread-140370621666112][LWP-17129] L1 Free ServiceThread(1)
[2019/10/16 11:12:33 5B7][PID:17156][Thread-140370621666112][LWP-17129] L1 Free ServiceThread(5)
[2019/10/16 11:12:33 5B8][PID:17156][Thread-140370621666112][LWP-17129] L1 Free ServiceThread(2)
[2019/10/16 11:12:33 5B9][PID:17156][Thread-140370621666112][LWP-17129] L1 Free ServiceThread(7)
[2019/10/16 11:12:33 5BA][PID:17156][Thread-140370621666112][LWP-17129] L1 Free ServiceThread(6)
[2019/10/16 11:12:33 5BB][PID:17156][Thread-140370621666112][LWP-17129] L1 Free ServiceThread(3)
[2019/10/16 11:12:33 5BC][PID:17156][Thread-140370621666112][LWP-17129] L1 Free ServiceThread(4)
[2019/10/16 11:12:33 5BD][PID:17156][Thread-140370621666112][LWP-17129] L1 Free ServiceThread(8)
[2019/10/16 11:12:40 4E][PID:17802][Thread-139936965105408][LWP-17808] Started NewServiceThread(1)
[2019/10/16 11:12:40 4F][PID:17802][Thread-139936879605504][LWP-17809] Started NewServiceThread(2)
[2019/10/16 11:12:40 50][PID:17802][Thread-139936869115648][LWP-17810] Started NewServiceThread(3)
[2019/10/16 11:12:40 51][PID:17802][Thread-139936858625792][LWP-17811] Started NewServiceThread(4)
[2019/10/16 11:12:40 52][PID:17802][Thread-139936848135936][LWP-17812] Started NewServiceThread(5)
[2019/10/16 11:12:40 53][PID:17802][Thread-139936836007680][LWP-17813] Started NewServiceThread(6)
[2019/10/16 11:12:40 54][PID:17802][Thread-139936823879424][LWP-17815] Started NewServiceThread(7)
[2019/10/16 11:12:40 55][PID:17802][Thread-139936475313920][LWP-17816] Started NewServiceThread(8)
[2019/10/16 11:12:40 56][PID:17802][Thread-139936463185664][LWP-17817] Started NewServiceThread(9)
[2019/10/16 11:14:17 4E][PID:18015][Thread-140400741181184][LWP-18017] Started NewServiceThread(1)
[2019/10/16 11:14:17 4F][PID:18015][Thread-140400729052928][LWP-18018] Started NewServiceThread(2)
[2019/10/16 11:14:17 50][PID:18015][Thread-140400716924672][LWP-18019] Started NewServiceThread(3)
[2019/10/16 11:14:17 51][PID:18015][Thread-140400704796416][LWP-18020] Started NewServiceThread(4)
[2019/10/16 11:14:17 52][PID:18015][Thread-140400692668160][LWP-18021] Started NewServiceThread(5)
[2019/10/16 11:14:17 53][PID:18015][Thread-140400680539904][LWP-18022] Started NewServiceThread(6)
[2019/10/16 11:14:17 54][PID:18015][Thread-140400331781888][LWP-18023] Started NewServiceThread(7)
[2019/10/16 11:14:17 55][PID:18015][Thread-140400319653632][LWP-18024] Started NewServiceThread(8)
[2019/10/16 11:14:17 56][PID:18015][Thread-140400307525376][LWP-18025] Started NewServiceThread(9)
[2019/10/16 11:15:23 4E][PID:18151][Thread-140303922149120][LWP-18153] Started NewServiceThread(1)
[2019/10/16 11:15:23 4F][PID:18151][Thread-140303910020864][LWP-18154] Started NewServiceThread(2)
[2019/10/16 11:15:23 50][PID:18151][Thread-140303829235456][LWP-18155] Started NewServiceThread(3)
[2019/10/16 11:15:23 51][PID:18151][Thread-140303817107200][LWP-18156] Started NewServiceThread(4)
[2019/10/16 11:15:23 52][PID:18151][Thread-140303804978944][LWP-18157] Started NewServiceThread(5)
[2019/10/16 11:15:23 53][PID:18151][Thread-140303792850688][LWP-18158] Started NewServiceThread(6)
[2019/10/16 11:15:23 54][PID:18151][Thread-140303780722432][LWP-18159] Started NewServiceThread(7)
[2019/10/16 11:15:23 55][PID:18151][Thread-140303361111808][LWP-18160] Started NewServiceThread(8)
[2019/10/16 11:15:23 56][PID:18151][Thread-140303350621952][LWP-18161] Started NewServiceThread(9)
[2019/10/16 11:22:58 5B5][PID:18151][Thread-140304044811072][LWP-18143] L1 Free ServiceThread(9)
[2019/10/16 11:22:58 5B6][PID:18151][Thread-140304044811072][LWP-18143] L1 Free ServiceThread(4)
[2019/10/16 11:22:58 5B7][PID:18151][Thread-140304044811072][LWP-18143] L1 Free ServiceThread(3)
[2019/10/16 11:22:58 5B8][PID:18151][Thread-140304044811072][LWP-18143] L1 Free ServiceThread(8)
[2019/10/16 11:22:58 5B9][PID:18151][Thread-140304044811072][LWP-18143] L1 Free ServiceThread(2)
[2019/10/16 11:22:58 5BA][PID:18151][Thread-140304044811072][LWP-18143] L1 Free ServiceThread(6)
[2019/10/16 11:22:58 5BB][PID:18151][Thread-140304044811072][LWP-18143] L1 Free ServiceThread(1)
[2019/10/16 11:22:58 5BC][PID:18151][Thread-140304044811072][LWP-18143] L1 Free ServiceThread(7)
[2019/10/16 11:22:58 5BD][PID:18151][Thread-140304044811072][LWP-18143] L1 Free ServiceThread(5)
[2019/10/16 11:23:13 4E][PID:19298][Thread-139810314995456][LWP-19306] Started NewServiceThread(1)
[2019/10/16 11:23:13 4F][PID:19298][Thread-139810302867200][LWP-19307] Started NewServiceThread(2)
[2019/10/16 11:23:13 50][PID:19298][Thread-139810290738944][LWP-19308] Started NewServiceThread(3)
[2019/10/16 11:23:13 51][PID:19298][Thread-139810278610688][LWP-19309] Started NewServiceThread(4)
[2019/10/16 11:23:13 52][PID:19298][Thread-139810266482432][LWP-19310] Started NewServiceThread(5)
[2019/10/16 11:23:13 53][PID:19298][Thread-139809909634816][LWP-19311] Started NewServiceThread(6)
[2019/10/16 11:23:13 54][PID:19298][Thread-139809899144960][LWP-19312] Started NewServiceThread(7)
[2019/10/16 11:23:13 55][PID:19298][Thread-139809888655104][LWP-19313] Started NewServiceThread(8)
[2019/10/16 11:23:13 56][PID:19298][Thread-139809878165248][LWP-19314] Started NewServiceThread(9)
[2019/10/16 13:28:52 5D2][PID:19298][Thread-139810437677888][LWP-19290] L1 Free ServiceThread(9)
[2019/10/16 13:28:52 5D3][PID:19298][Thread-139810437677888][LWP-19290] L1 Free ServiceThread(7)
[2019/10/16 13:28:52 5D4][PID:19298][Thread-139810437677888][LWP-19290] L1 Free ServiceThread(4)
[2019/10/16 13:28:52 5D5][PID:19298][Thread-139810437677888][LWP-19290] L1 Free ServiceThread(8)
[2019/10/16 13:28:52 5D6][PID:19298][Thread-139810437677888][LWP-19290] L1 Free ServiceThread(5)
[2019/10/16 13:28:52 5D7][PID:19298][Thread-139810437677888][LWP-19290] L1 Free ServiceThread(3)
[2019/10/16 13:28:52 5D8][PID:19298][Thread-139810437677888][LWP-19290] L1 Free ServiceThread(2)
[2019/10/16 13:28:52 5D9][PID:19298][Thread-139810437677888][LWP-19290] L1 Free ServiceThread(6)
[2019/10/16 13:28:52 5DA][PID:19298][Thread-139810437677888][LWP-19290] L1 Free ServiceThread(1)
[2019/10/16 13:29:04 4E][PID:4397][Thread-140287922001664][LWP-4451] Started NewServiceThread(1)
[2019/10/16 13:29:04 4F][PID:4397][Thread-140287909873408][LWP-4452] Started NewServiceThread(2)
[2019/10/16 13:29:04 50][PID:4397][Thread-140287897745152][LWP-4453] Started NewServiceThread(3)
[2019/10/16 13:29:04 51][PID:4397][Thread-140287885616896][LWP-4454] Started NewServiceThread(4)
[2019/10/16 13:29:04 52][PID:4397][Thread-140287873488640][LWP-4455] Started NewServiceThread(5)
[2019/10/16 13:29:04 53][PID:4397][Thread-140287523419904][LWP-4456] Started NewServiceThread(6)
[2019/10/16 13:29:04 54][PID:4397][Thread-140287512930048][LWP-4457] Started NewServiceThread(7)
[2019/10/16 13:29:04 55][PID:4397][Thread-140287500801792][LWP-4458] Started NewServiceThread(8)
[2019/10/16 13:29:04 56][PID:4397][Thread-140287488673536][LWP-4459] Started NewServiceThread(9)
[2019/10/16 13:32:48 5A9][PID:4397][Thread-140288044684096][LWP-4389] L1 Free ServiceThread(9)
[2019/10/16 13:32:48 5AA][PID:4397][Thread-140288044684096][LWP-4389] L1 Free ServiceThread(7)
[2019/10/16 13:32:48 5AB][PID:4397][Thread-140288044684096][LWP-4389] L1 Free ServiceThread(2)
[2019/10/16 13:32:48 5AC][PID:4397][Thread-140288044684096][LWP-4389] L1 Free ServiceThread(3)
[2019/10/16 13:32:48 5AD][PID:4397][Thread-140288044684096][LWP-4389] L1 Free ServiceThread(8)
[2019/10/16 13:32:48 5AE][PID:4397][Thread-140288044684096][LWP-4389] L1 Free ServiceThread(5)
[2019/10/16 13:32:48 5AF][PID:4397][Thread-140288044684096][LWP-4389] L1 Free ServiceThread(1)
[2019/10/16 13:32:48 5B0][PID:4397][Thread-140288044684096][LWP-4389] L1 Free ServiceThread(4)
[2019/10/16 13:32:48 5B1][PID:4397][Thread-140288044684096][LWP-4389] L1 Free ServiceThread(6)
[2019/10/16 13:33:04 4E][PID:5229][Thread-140537098716928][LWP-5309] Started NewServiceThread(1)
[2019/10/16 13:33:04 4F][PID:5229][Thread-140537086588672][LWP-5310] Started NewServiceThread(2)
[2019/10/16 13:33:04 50][PID:5229][Thread-140537074460416][LWP-5311] Started NewServiceThread(3)
[2019/10/16 13:33:04 51][PID:5229][Thread-140537062332160][LWP-5312] Started NewServiceThread(4)
[2019/10/16 13:33:04 52][PID:5229][Thread-140537050203904][LWP-5313] Started NewServiceThread(5)
[2019/10/16 13:33:04 53][PID:5229][Thread-140536698631936][LWP-5314] Started NewServiceThread(6)
[2019/10/16 13:33:04 54][PID:5229][Thread-140536688142080][LWP-5315] Started NewServiceThread(7)
[2019/10/16 13:33:04 55][PID:5229][Thread-140536677652224][LWP-5316] Started NewServiceThread(8)
[2019/10/16 13:33:04 56][PID:5229][Thread-140536665523968][LWP-5317] Started NewServiceThread(9)
[2019/10/16 13:34:17 5A9][PID:5229][Thread-140537221399360][LWP-5221] L1 Free ServiceThread(9)
[2019/10/16 13:34:17 5AA][PID:5229][Thread-140537221399360][LWP-5221] L1 Free ServiceThread(1)
[2019/10/16 13:34:17 5AB][PID:5229][Thread-140537221399360][LWP-5221] L1 Free ServiceThread(4)
[2019/10/16 13:34:17 5AC][PID:5229][Thread-140537221399360][LWP-5221] L1 Free ServiceThread(8)
[2019/10/16 13:34:17 5AD][PID:5229][Thread-140537221399360][LWP-5221] L1 Free ServiceThread(7)
[2019/10/16 13:34:17 5AE][PID:5229][Thread-140537221399360][LWP-5221] L1 Free ServiceThread(6)
[2019/10/16 13:34:17 5AF][PID:5229][Thread-140537221399360][LWP-5221] L1 Free ServiceThread(5)
[2019/10/16 13:34:17 5B0][PID:5229][Thread-140537221399360][LWP-5221] L1 Free ServiceThread(3)
[2019/10/16 13:34:17 5B1][PID:5229][Thread-140537221399360][LWP-5221] L1 Free ServiceThread(2)
[2019/10/16 13:34:33 4E][PID:5736][Thread-140472316696320][LWP-5810] Started NewServiceThread(1)
[2019/10/16 13:34:33 4F][PID:5736][Thread-140472304568064][LWP-5811] Started NewServiceThread(2)
[2019/10/16 13:34:33 50][PID:5736][Thread-140472292439808][LWP-5812] Started NewServiceThread(3)
[2019/10/16 13:34:33 51][PID:5736][Thread-140472072795904][LWP-5813] Started NewServiceThread(4)
[2019/10/16 13:34:33 52][PID:5736][Thread-140472062306048][LWP-5814] Started NewServiceThread(5)
[2019/10/16 13:34:33 53][PID:5736][Thread-140472051816192][LWP-5815] Started NewServiceThread(6)
[2019/10/16 13:34:33 54][PID:5736][Thread-140472041326336][LWP-5816] Started NewServiceThread(7)
[2019/10/16 13:34:33 55][PID:5736][Thread-140472029198080][LWP-5817] Started NewServiceThread(8)
[2019/10/16 13:34:33 56][PID:5736][Thread-140472017069824][LWP-5818] Started NewServiceThread(9)
[2019/10/16 14:17:57 775][PID:5736][Thread-140472439378752][LWP-5728] L1 Free ServiceThread(9)
[2019/10/16 14:17:57 776][PID:5736][Thread-140472439378752][LWP-5728] L1 Free ServiceThread(4)
[2019/10/16 14:17:57 777][PID:5736][Thread-140472439378752][LWP-5728] L1 Free ServiceThread(5)
[2019/10/16 14:17:57 778][PID:5736][Thread-140472439378752][LWP-5728] L1 Free ServiceThread(3)
[2019/10/16 14:17:57 779][PID:5736][Thread-140472439378752][LWP-5728] L1 Free ServiceThread(2)
[2019/10/16 14:17:57 77A][PID:5736][Thread-140472439378752][LWP-5728] L1 Free ServiceThread(7)
[2019/10/16 14:17:57 77B][PID:5736][Thread-140472439378752][LWP-5728] L1 Free ServiceThread(8)
[2019/10/16 14:17:57 77C][PID:5736][Thread-140472439378752][LWP-5728] L1 Free ServiceThread(1)
[2019/10/16 14:17:57 77D][PID:5736][Thread-140472439378752][LWP-5728] L1 Free ServiceThread(6)
[2019/10/16 14:18:12 4E][PID:10304][Thread-140234144745216][LWP-10407] Started NewServiceThread(1)
[2019/10/16 14:18:12 4F][PID:10304][Thread-140234132616960][LWP-10408] Started NewServiceThread(2)
[2019/10/16 14:18:12 50][PID:10304][Thread-140234120488704][LWP-10409] Started NewServiceThread(3)
[2019/10/16 14:18:12 51][PID:10304][Thread-140233903437568][LWP-10410] Started NewServiceThread(4)
[2019/10/16 14:18:12 52][PID:10304][Thread-140233892947712][LWP-10411] Started NewServiceThread(5)
[2019/10/16 14:18:12 53][PID:10304][Thread-140233882457856][LWP-10412] Started NewServiceThread(6)
[2019/10/16 14:18:12 54][PID:10304][Thread-140233870329600][LWP-10413] Started NewServiceThread(7)
[2019/10/16 14:18:12 55][PID:10304][Thread-140233858201344][LWP-10414] Started NewServiceThread(8)
[2019/10/16 14:18:12 56][PID:10304][Thread-140233500784384][LWP-10415] Started NewServiceThread(9)
[2019/10/22 16:43:53 4E][PID:19142][Thread-140080899692288][LWP-19144] Started NewServiceThread(1)
[2019/10/22 16:43:53 4F][PID:19142][Thread-140080887564032][LWP-19145] Started NewServiceThread(2)
[2019/10/22 16:43:53 50][PID:19142][Thread-140080875435776][LWP-19146] Started NewServiceThread(3)
[2019/10/22 16:43:53 51][PID:19142][Thread-140080863307520][LWP-19147] Started NewServiceThread(4)
[2019/10/22 16:43:53 52][PID:19142][Thread-140080851179264][LWP-19148] Started NewServiceThread(5)
[2019/10/22 16:43:53 53][PID:19142][Thread-140080839051008][LWP-19149] Started NewServiceThread(6)
[2019/10/22 16:43:53 54][PID:19142][Thread-140080490936064][LWP-19150] Started NewServiceThread(7)
[2019/10/22 16:43:53 55][PID:19142][Thread-140080478807808][LWP-19151] Started NewServiceThread(8)
[2019/10/22 16:43:53 56][PID:19142][Thread-140080466679552][LWP-19152] Started NewServiceThread(9)
[2019/10/22 16:44:14 5CB][PID:19142][Thread-140081022374720][LWP-19134] L1 Free ServiceThread(9)
[2019/10/22 16:44:14 5CC][PID:19142][Thread-140081022374720][LWP-19134] L1 Free ServiceThread(1)
[2019/10/22 16:44:14 5CD][PID:19142][Thread-140081022374720][LWP-19134] L1 Free ServiceThread(7)
[2019/10/22 16:44:14 5CE][PID:19142][Thread-140081022374720][LWP-19134] L1 Free ServiceThread(3)
[2019/10/22 16:44:14 5CF][PID:19142][Thread-140081022374720][LWP-19134] L1 Free ServiceThread(2)
[2019/10/22 16:44:14 5D0][PID:19142][Thread-140081022374720][LWP-19134] L1 Free ServiceThread(6)
[2019/10/22 16:44:14 5D1][PID:19142][Thread-140081022374720][LWP-19134] L1 Free ServiceThread(4)
[2019/10/22 16:44:14 5D2][PID:19142][Thread-140081022374720][LWP-19134] L1 Free ServiceThread(8)
[2019/10/22 16:44:14 5D3][PID:19142][Thread-140081022374720][LWP-19134] L1 Free ServiceThread(5)
